[2026-02-09 14:13:41] 🚀 Iniciando test automático...
[2026-02-09 14:13:53] 🚀 Iniciando test automático...
[2026-02-09 14:13:58] 🚀 Iniciando test automático...

Running 3 tests using 1 worker

[1A[2K[1/3] [chromium] › tests/zubi-contacto.spec.js:3:5 › Formulario contacto Zubi funciona
[1A[2K[chromium] › tests/zubi-contacto.spec.js:3:5 › Formulario contacto Zubi funciona
Abriendo página de contacto...

[1A[2KRellenando formulario...

[1A[2KEnviando formulario...

[1A[2K¡Formulario enviado con éxito!

[1A[2K[2/3] [firefox] › tests/zubi-contacto.spec.js:3:5 › Formulario contacto Zubi funciona
[1A[2K[firefox] › tests/zubi-contacto.spec.js:3:5 › Formulario contacto Zubi funciona
Abriendo página de contacto...

[1A[2KRellenando formulario...

[1A[2KEnviando formulario...

[1A[2K¡Formulario enviado con éxito!

[1A[2K[3/3] [webkit] › tests/zubi-contacto.spec.js:3:5 › Formulario contacto Zubi funciona
[1A[2K[webkit] › tests/zubi-contacto.spec.js:3:5 › Formulario contacto Zubi funciona
Abriendo página de contacto...

[1A[2KRellenando formulario...

[1A[2KEnviando formulario...

[1A[2K¡Formulario enviado con éxito!

[1A[2K  3 passed (45.8s)

To open last HTML report run:
[36m[39m
[36m  npx playwright show-report[39m
[36m[39m
[2026-02-09 14:13:58] ✅ ÉXITO: Formulario enviado.
